2020-05-13 12:16:20.397  INFO 15120 --- [main] c.d.mall.website.MallWebsiteApplication  : Starting MallWebsiteApplication on DESKTOP-B58BN7H with PID 15120 (E:\stephen\ChewSweetGarden\choiHeongYuenBakery\mall-website\target\classes started by PC in E:\stephen\ChewSweetGarden\choiHeongYuenBakery)
2020-05-13 12:16:20.400  INFO 15120 --- [main] c.d.mall.website.MallWebsiteApplication  : No active profile set, falling back to default profiles: default
2020-05-13 12:16:21.521  INFO 15120 --- [main] o.s.b.w.embedded.tomcat.TomcatWebServer  : Tomcat initialized with port(s): 8087 (http)
2020-05-13 12:16:21.529  INFO 15120 --- [main] o.apache.catalina.core.StandardService   : Starting service [Tomcat]
2020-05-13 12:16:21.530  INFO 15120 --- [main] org.apache.catalina.core.StandardEngine  : Starting Servlet engine: [Apache Tomcat/9.0.33]
2020-05-13 12:16:21.647  INFO 15120 --- [main] o.a.c.c.C.[.[localhost].[/website]       : Initializing Spring embedded WebApplicationContext
2020-05-13 12:16:21.647  INFO 15120 --- [main] o.s.web.context.ContextLoader            : Root WebApplicationContext: initialization completed in 1136 ms
2020-05-13 12:16:21.804  INFO 15120 --- [main] c.a.d.s.b.a.DruidDataSourceAutoConfigure : Init DruidDataSource
2020-05-13 12:16:21.912  INFO 15120 --- [main] com.alibaba.druid.pool.DruidDataSource   : {dataSource-1} inited
2020-05-13 12:16:22.200  INFO 15120 --- [main] o.s.s.concurrent.ThreadPoolTaskExecutor  : Initializing ExecutorService 'applicationTaskExecutor'
2020-05-13 12:16:22.391  WARN 15120 --- [main] o.s.b.a.f.FreeMarkerAutoConfiguration    : Cannot find template location(s): [classpath:/templates/] (please add some templates, check your FreeMarker configuration, or set spring.freemarker.checkTemplateLocation=false)
2020-05-13 12:16:22.470  INFO 15120 --- [main] o.s.b.w.embedded.tomcat.TomcatWebServer  : Tomcat started on port(s): 8087 (http) with context path '/website'
2020-05-13 12:16:22.472  INFO 15120 --- [main] c.d.mall.website.MallWebsiteApplication  : Started MallWebsiteApplication in 2.626 seconds (JVM running for 3.297)
2020-05-13 12:16:57.340  INFO 14764 --- [main] c.d.mall.website.MallWebsiteApplication  : Starting MallWebsiteApplication on DESKTOP-B58BN7H with PID 14764 (E:\stephen\ChewSweetGarden\choiHeongYuenBakery\mall-website\target\classes started by PC in E:\stephen\ChewSweetGarden\choiHeongYuenBakery)
2020-05-13 12:16:57.346  INFO 14764 --- [main] c.d.mall.website.MallWebsiteApplication  : No active profile set, falling back to default profiles: default
2020-05-13 12:16:58.326  INFO 14764 --- [main] o.s.b.w.embedded.tomcat.TomcatWebServer  : Tomcat initialized with port(s): 8087 (http)
2020-05-13 12:16:58.334  INFO 14764 --- [main] o.apache.catalina.core.StandardService   : Starting service [Tomcat]
2020-05-13 12:16:58.334  INFO 14764 --- [main] org.apache.catalina.core.StandardEngine  : Starting Servlet engine: [Apache Tomcat/9.0.33]
2020-05-13 12:16:58.410  INFO 14764 --- [main] o.a.c.c.C.[.[localhost].[/website]       : Initializing Spring embedded WebApplicationContext
2020-05-13 12:16:58.411  INFO 14764 --- [main] o.s.web.context.ContextLoader            : Root WebApplicationContext: initialization completed in 997 ms
2020-05-13 12:16:58.538  INFO 14764 --- [main] c.a.d.s.b.a.DruidDataSourceAutoConfigure : Init DruidDataSource
2020-05-13 12:16:58.655  INFO 14764 --- [main] com.alibaba.druid.pool.DruidDataSource   : {dataSource-1} inited
2020-05-13 12:16:58.923  INFO 14764 --- [main] o.s.s.concurrent.ThreadPoolTaskExecutor  : Initializing ExecutorService 'applicationTaskExecutor'
2020-05-13 12:16:59.096  WARN 14764 --- [main] o.s.b.a.f.FreeMarkerAutoConfiguration    : Cannot find template location(s): [classpath:/templates/] (please add some templates, check your FreeMarker configuration, or set spring.freemarker.checkTemplateLocation=false)
2020-05-13 12:16:59.169  INFO 14764 --- [main] o.s.b.w.embedded.tomcat.TomcatWebServer  : Tomcat started on port(s): 8087 (http) with context path '/website'
2020-05-13 12:16:59.173  INFO 14764 --- [main] c.d.mall.website.MallWebsiteApplication  : Started MallWebsiteApplication in 2.335 seconds (JVM running for 2.997)
